[ 2013-07-03T10:45:03+08:00 ] 127.0.0.1 /index.php?m=index&a=login
INFO: [ app_begin ] --START--
INFO: Run ReadHtmlCache Behavior [ RunTime:0.000354s ]
NOTIC: [8] Use of undefined constant GROUP_NAME - assumed 'GROUP_NAME' /Users/gemerz/foa/app/Lib/Behavior/load_langBehavior.class.php 第 26 行.
INFO: Run load_lang Behavior [ RunTime:0.001029s ]
INFO: [ app_begin ] --END-- [ RunTime:0.001490s ]
SQL: SHOW COLUMNS FROM `gs_role` [ RunTime:0.036753s ]
SQL: SELECT * FROM `gs_role`  [ RunTime:0.000462s ]
INFO: [ view_template ] --START--
INFO: Run LocationTemplate Behavior [ RunTime:0.000658s ]
INFO: [ view_template ] --END-- [ RunTime:0.000719s ]
INFO: [ view_parse ] --START--
INFO: Run ParseTemplate Behavior [ RunTime:0.031597s ]
INFO: [ view_parse ] --END-- [ RunTime:0.031671s ]
INFO: [ view_filter ] --START--
INFO: Run ContentReplace Behavior [ RunTime:0.000518s ]
INFO: Run TokenBuild Behavior [ RunTime:0.000453s ]
INFO: Run WriteHtmlCache Behavior [ RunTime:0.000486s ]
INFO: Run ShowRuntime Behavior [ RunTime:0.000586s ]
INFO: [ view_filter ] --END-- [ RunTime:0.002182s ]
INFO: [ view_end ] --START--
INFO: Run ShowPageTrace Behavior [ RunTime:0.000900s ]
INFO: [ view_end ] --END-- [ RunTime:0.000952s ]

[ 2013-07-03T10:45:04+08:00 ] 127.0.0.1 /index.php?m=index&a=verify_code&t=1372819503
INFO: [ app_begin ] --START--
INFO: Run ReadHtmlCache Behavior [ RunTime:0.000334s ]
NOTIC: [8] Use of undefined constant GROUP_NAME - assumed 'GROUP_NAME' /Users/gemerz/foa/app/Lib/Behavior/load_langBehavior.class.php 第 26 行.
INFO: Run load_lang Behavior [ RunTime:0.000455s ]
INFO: [ app_begin ] --END-- [ RunTime:0.000878s ]
SQL: SHOW COLUMNS FROM `gs_role` [ RunTime:0.001642s ]
SQL: SELECT * FROM `gs_role`  [ RunTime:0.000251s ]

[ 2013-07-03T10:45:04+08:00 ] ERR: (ThinkException) 无法加载模块:static
[ 2013-07-03T10:54:10+08:00 ] 127.0.0.1 /index.php?m=index&a=login
INFO: [ app_begin ] --START--
INFO: Run ReadHtmlCache Behavior [ RunTime:0.000313s ]
NOTIC: [8] Use of undefined constant GROUP_NAME - assumed 'GROUP_NAME' /Users/gemerz/foa/app/Lib/Behavior/load_langBehavior.class.php 第 26 行.
INFO: Run load_lang Behavior [ RunTime:0.000381s ]
INFO: [ app_begin ] --END-- [ RunTime:0.000779s ]
SQL: SHOW COLUMNS FROM `gs_role` [ RunTime:0.001287s ]
SQL: SELECT * FROM `gs_role`  [ RunTime:0.000197s ]
INFO: [ view_template ] --START--
INFO: Run LocationTemplate Behavior [ RunTime:0.000292s ]
INFO: [ view_template ] --END-- [ RunTime:0.000339s ]
INFO: [ view_parse ] --START--
INFO: Run ParseTemplate Behavior [ RunTime:0.005903s ]
INFO: [ view_parse ] --END-- [ RunTime:0.005974s ]
INFO: [ view_filter ] --START--
INFO: Run ContentReplace Behavior [ RunTime:0.000273s ]
INFO: Run TokenBuild Behavior [ RunTime:0.000215s ]
INFO: Run WriteHtmlCache Behavior [ RunTime:0.000142s ]
INFO: Run ShowRuntime Behavior [ RunTime:0.000264s ]
INFO: [ view_filter ] --END-- [ RunTime:0.001007s ]
INFO: [ view_end ] --START--
INFO: Run ShowPageTrace Behavior [ RunTime:0.000421s ]
INFO: [ view_end ] --END-- [ RunTime:0.000468s ]

[ 2013-07-03T10:54:10+08:00 ] 127.0.0.1 /index.php?m=index&a=verify_code&t=1372820050
INFO: [ app_begin ] --START--
INFO: Run ReadHtmlCache Behavior [ RunTime:0.000967s ]
NOTIC: [8] Use of undefined constant GROUP_NAME - assumed 'GROUP_NAME' /Users/gemerz/foa/app/Lib/Behavior/load_langBehavior.class.php 第 26 行.
INFO: Run load_lang Behavior [ RunTime:0.000603s ]
INFO: [ app_begin ] --END-- [ RunTime:0.001742s ]
SQL: SHOW COLUMNS FROM `gs_role` [ RunTime:0.003153s ]
SQL: SELECT * FROM `gs_role`  [ RunTime:0.000326s ]

[ 2013-07-03T10:54:11+08:00 ] ERR: (ThinkException) 无法加载模块:favicon
[ 2013-07-03T10:54:11+08:00 ] ERR: (ThinkException) 无法加载模块:favicon
[ 2013-07-03T10:54:25+08:00 ] 127.0.0.1 /index/index
INFO: [ route_check ] --START--
INFO: Run CheckRoute Behavior [ RunTime:0.000429s ]
INFO: [ route_check ] --END-- [ RunTime:0.000482s ]
INFO: [ app_begin ] --START--
INFO: Run ReadHtmlCache Behavior [ RunTime:0.000262s ]
NOTIC: [8] Use of undefined constant GROUP_NAME - assumed 'GROUP_NAME' /Users/gemerz/foa/app/Lib/Behavior/load_langBehavior.class.php 第 26 行.
INFO: Run load_lang Behavior [ RunTime:0.000368s ]
INFO: [ app_begin ] --END-- [ RunTime:0.000689s ]
SQL: SHOW COLUMNS FROM `gs_role` [ RunTime:0.002177s ]
SQL: SELECT * FROM `gs_role`  [ RunTime:0.000295s ]
INFO: [ view_template ] --START--
INFO: Run LocationTemplate Behavior [ RunTime:0.000342s ]
INFO: [ view_template ] --END-- [ RunTime:0.000386s ]
INFO: [ view_parse ] --START--
INFO: Run ParseTemplate Behavior [ RunTime:0.055337s ]
INFO: [ view_parse ] --END-- [ RunTime:0.055407s ]
INFO: [ view_filter ] --START--
INFO: Run ContentReplace Behavior [ RunTime:0.000247s ]
INFO: Run TokenBuild Behavior [ RunTime:0.000181s ]
INFO: Run WriteHtmlCache Behavior [ RunTime:0.000101s ]
INFO: Run ShowRuntime Behavior [ RunTime:0.000244s ]
INFO: [ view_filter ] --END-- [ RunTime:0.000887s ]
INFO: [ view_end ] --START--
INFO: Run ShowPageTrace Behavior [ RunTime:0.000386s ]
INFO: [ view_end ] --END-- [ RunTime:0.000433s ]

[ 2013-07-03T10:54:30+08:00 ] 127.0.0.1 /index.php?m=index&a=login
INFO: [ app_begin ] --START--
INFO: Run ReadHtmlCache Behavior [ RunTime:0.000360s ]
NOTIC: [8] Use of undefined constant GROUP_NAME - assumed 'GROUP_NAME' /Users/gemerz/foa/app/Lib/Behavior/load_langBehavior.class.php 第 26 行.
INFO: Run load_lang Behavior [ RunTime:0.000452s ]
INFO: [ app_begin ] --END-- [ RunTime:0.000908s ]
SQL: SHOW COLUMNS FROM `gs_role` [ RunTime:0.001366s ]
SQL: SELECT * FROM `gs_role`  [ RunTime:0.000184s ]
INFO: [ view_template ] --START--
INFO: Run LocationTemplate Behavior [ RunTime:0.000239s ]
INFO: [ view_template ] --END-- [ RunTime:0.000282s ]
INFO: [ view_parse ] --START--
INFO: Run ParseTemplate Behavior [ RunTime:0.005640s ]
INFO: [ view_parse ] --END-- [ RunTime:0.005702s ]
INFO: [ view_filter ] --START--
INFO: Run ContentReplace Behavior [ RunTime:0.000233s ]
INFO: Run TokenBuild Behavior [ RunTime:0.000187s ]
INFO: Run WriteHtmlCache Behavior [ RunTime:0.000107s ]
INFO: Run ShowRuntime Behavior [ RunTime:0.000238s ]
INFO: [ view_filter ] --END-- [ RunTime:0.000872s ]
INFO: [ view_end ] --START--
INFO: Run ShowPageTrace Behavior [ RunTime:0.000308s ]
INFO: [ view_end ] --END-- [ RunTime:0.000348s ]

[ 2013-07-03T10:54:30+08:00 ] 127.0.0.1 /index.php?m=index&a=verify_code&t=1372820070
INFO: [ app_begin ] --START--
INFO: Run ReadHtmlCache Behavior [ RunTime:0.000277s ]
NOTIC: [8] Use of undefined constant GROUP_NAME - assumed 'GROUP_NAME' /Users/gemerz/foa/app/Lib/Behavior/load_langBehavior.class.php 第 26 行.
INFO: Run load_lang Behavior [ RunTime:0.000377s ]
INFO: [ app_begin ] --END-- [ RunTime:0.000735s ]
SQL: SHOW COLUMNS FROM `gs_role` [ RunTime:0.001401s ]
SQL: SELECT * FROM `gs_role`  [ RunTime:0.000275s ]

[ 2013-07-03T10:54:43+08:00 ] 127.0.0.1 /index/index
INFO: [ route_check ] --START--
INFO: Run CheckRoute Behavior [ RunTime:0.000528s ]
INFO: [ route_check ] --END-- [ RunTime:0.000595s ]
INFO: [ app_begin ] --START--
INFO: Run ReadHtmlCache Behavior [ RunTime:0.001818s ]
NOTIC: [8] Use of undefined constant GROUP_NAME - assumed 'GROUP_NAME' /Users/gemerz/foa/app/Lib/Behavior/load_langBehavior.class.php 第 26 行.
INFO: Run load_lang Behavior [ RunTime:0.000647s ]
INFO: [ app_begin ] --END-- [ RunTime:0.002574s ]
SQL: SHOW COLUMNS FROM `gs_role` [ RunTime:0.001369s ]
SQL: SELECT * FROM `gs_role`  [ RunTime:0.000171s ]
INFO: [ view_template ] --START--
INFO: Run LocationTemplate Behavior [ RunTime:0.000220s ]
INFO: [ view_template ] --END-- [ RunTime:0.000268s ]
INFO: [ view_parse ] --START--
INFO: Run ParseTemplate Behavior [ RunTime:0.008316s ]
INFO: [ view_parse ] --END-- [ RunTime:0.008378s ]
INFO: [ view_filter ] --START--
INFO: Run ContentReplace Behavior [ RunTime:0.000289s ]
INFO: Run TokenBuild Behavior [ RunTime:0.000242s ]
INFO: Run WriteHtmlCache Behavior [ RunTime:0.000113s ]
INFO: Run ShowRuntime Behavior [ RunTime:0.000231s ]
INFO: [ view_filter ] --END-- [ RunTime:0.000989s ]
INFO: [ view_end ] --START--
INFO: Run ShowPageTrace Behavior [ RunTime:0.000375s ]
INFO: [ view_end ] --END-- [ RunTime:0.000416s ]

[ 2013-07-03T10:54:48+08:00 ] 127.0.0.1 /index.php/goods
INFO: [ route_check ] --START--
INFO: Run CheckRoute Behavior [ RunTime:0.000424s ]
INFO: [ route_check ] --END-- [ RunTime:0.000485s ]
INFO: [ app_begin ] --START--
INFO: Run ReadHtmlCache Behavior [ RunTime:0.000256s ]
NOTIC: [8] Use of undefined constant GROUP_NAME - assumed 'GROUP_NAME' /Users/gemerz/foa/app/Lib/Behavior/load_langBehavior.class.php 第 26 行.
INFO: Run load_lang Behavior [ RunTime:0.000361s ]
INFO: [ app_begin ] --END-- [ RunTime:0.000678s ]
SQL: SHOW COLUMNS FROM `gs_role` [ RunTime:0.001402s ]
SQL: SELECT * FROM `gs_role`  [ RunTime:0.000230s ]
SQL: SHOW COLUMNS FROM `gs_goods` [ RunTime:0.002130s ]
SQL: SHOW COLUMNS FROM `gs_goods_cate` [ RunTime:0.029087s ]
SQL: SELECT COUNT(id) AS tp_count FROM `gs_goods` LIMIT 1   [ RunTime:0.000253s ]
SQL: SELECT * FROM `gs_goods` ORDER BY add_time DESC  LIMIT 0,20   [ RunTime:0.000420s ]
SQL: SELECT `id`,`name` FROM `gs_goods_cate`  [ RunTime:0.014861s ]
SQL: SHOW COLUMNS FROM `gs_storage` [ RunTime:0.012625s ]
SQL: SELECT `id`,`name` FROM `gs_storage`  [ RunTime:0.014936s ]
INFO: [ view_template ] --START--
INFO: Run LocationTemplate Behavior [ RunTime:0.000235s ]
INFO: [ view_template ] --END-- [ RunTime:0.000277s ]
INFO: [ view_parse ] --START--
NOTIC: [8] Undefined index: 1 /Users/gemerz/foa/data/runtime/Cache/3cb34fb0400943b673f06eb7290cd7bd.php 第 279 行.
NOTIC: [8] Undefined index: 1 /Users/gemerz/foa/data/runtime/Cache/3cb34fb0400943b673f06eb7290cd7bd.php 第 279 行.
NOTIC: [8] Undefined index: 1 /Users/gemerz/foa/data/runtime/Cache/3cb34fb0400943b673f06eb7290cd7bd.php 第 279 行.
INFO: Run ParseTemplate Behavior [ RunTime:0.031761s ]
INFO: [ view_parse ] --END-- [ RunTime:0.031816s ]
INFO: [ view_filter ] --START--
INFO: Run ContentReplace Behavior [ RunTime:0.000337s ]
INFO: Run TokenBuild Behavior [ RunTime:0.000299s ]
INFO: Run WriteHtmlCache Behavior [ RunTime:0.000123s ]
INFO: Run ShowRuntime Behavior [ RunTime:0.000250s ]
INFO: [ view_filter ] --END-- [ RunTime:0.001130s ]
INFO: [ view_end ] --START--
INFO: Run ShowPageTrace Behavior [ RunTime:0.000304s ]
INFO: [ view_end ] --END-- [ RunTime:0.000342s ]

[ 2013-07-03T10:54:51+08:00 ] 127.0.0.1 /index.php/goods
INFO: [ route_check ] --START--
INFO: Run CheckRoute Behavior [ RunTime:0.000504s ]
INFO: [ route_check ] --END-- [ RunTime:0.000586s ]
INFO: [ app_begin ] --START--
INFO: Run ReadHtmlCache Behavior [ RunTime:0.000386s ]
NOTIC: [8] Use of undefined constant GROUP_NAME - assumed 'GROUP_NAME' /Users/gemerz/foa/app/Lib/Behavior/load_langBehavior.class.php 第 26 行.
INFO: Run load_lang Behavior [ RunTime:0.000528s ]
INFO: [ app_begin ] --END-- [ RunTime:0.000995s ]
SQL: SHOW COLUMNS FROM `gs_role` [ RunTime:0.016161s ]
SQL: SELECT * FROM `gs_role`  [ RunTime:0.000302s ]
SQL: SHOW COLUMNS FROM `gs_goods` [ RunTime:0.002478s ]
SQL: SHOW COLUMNS FROM `gs_goods_cate` [ RunTime:0.001691s ]
SQL: SELECT COUNT(id) AS tp_count FROM `gs_goods` LIMIT 1   [ RunTime:0.000287s ]
SQL: SELECT * FROM `gs_goods` ORDER BY add_time DESC  LIMIT 0,20   [ RunTime:0.000556s ]
SQL: SELECT `id`,`name` FROM `gs_goods_cate`  [ RunTime:0.000390s ]
SQL: SHOW COLUMNS FROM `gs_storage` [ RunTime:0.002718s ]
SQL: SELECT `id`,`name` FROM `gs_storage`  [ RunTime:0.000272s ]
INFO: [ view_template ] --START--
INFO: Run LocationTemplate Behavior [ RunTime:0.000290s ]
INFO: [ view_template ] --END-- [ RunTime:0.000337s ]
INFO: [ view_parse ] --START--
NOTIC: [8] Undefined index: 1 /Users/gemerz/foa/data/runtime/Cache/3cb34fb0400943b673f06eb7290cd7bd.php 第 279 行.
NOTIC: [8] Undefined index: 1 /Users/gemerz/foa/data/runtime/Cache/3cb34fb0400943b673f06eb7290cd7bd.php 第 279 行.
NOTIC: [8] Undefined index: 1 /Users/gemerz/foa/data/runtime/Cache/3cb34fb0400943b673f06eb7290cd7bd.php 第 279 行.
INFO: Run ParseTemplate Behavior [ RunTime:0.016109s ]
INFO: [ view_parse ] --END-- [ RunTime:0.016169s ]
INFO: [ view_filter ] --START--
INFO: Run ContentReplace Behavior [ RunTime:0.000308s ]
INFO: Run TokenBuild Behavior [ RunTime:0.000193s ]
INFO: Run WriteHtmlCache Behavior [ RunTime:0.000110s ]
INFO: Run ShowRuntime Behavior [ RunTime:0.000252s ]
INFO: [ view_filter ] --END-- [ RunTime:0.000974s ]
INFO: [ view_end ] --START--
INFO: Run ShowPageTrace Behavior [ RunTime:0.000340s ]
INFO: [ view_end ] --END-- [ RunTime:0.000385s ]

[ 2013-07-03T10:56:25+08:00 ] 127.0.0.1 /index.php/goods
INFO: [ route_check ] --START--
INFO: Run CheckRoute Behavior [ RunTime:0.000511s ]
INFO: [ route_check ] --END-- [ RunTime:0.000578s ]
INFO: [ app_begin ] --START--
INFO: Run ReadHtmlCache Behavior [ RunTime:0.000330s ]
NOTIC: [8] Use of undefined constant GROUP_NAME - assumed 'GROUP_NAME' /Users/gemerz/foa/app/Lib/Behavior/load_langBehavior.class.php 第 26 行.
INFO: Run load_lang Behavior [ RunTime:0.000423s ]
INFO: [ app_begin ] --END-- [ RunTime:0.000820s ]
SQL: SHOW COLUMNS FROM `gs_role` [ RunTime:0.001512s ]
SQL: SELECT * FROM `gs_role`  [ RunTime:0.000168s ]
SQL: SHOW COLUMNS FROM `gs_goods` [ RunTime:0.002072s ]
SQL: SHOW COLUMNS FROM `gs_goods_cate` [ RunTime:0.001660s ]
SQL: SELECT COUNT(id) AS tp_count FROM `gs_goods` LIMIT 1   [ RunTime:0.000192s ]
SQL: SELECT * FROM `gs_goods` ORDER BY add_time DESC  LIMIT 0,20   [ RunTime:0.000322s ]
SQL: SELECT `id`,`name` FROM `gs_goods_cate`  [ RunTime:0.000140s ]
SQL: SHOW COLUMNS FROM `gs_storage` [ RunTime:0.011746s ]
SQL: SELECT `id`,`name` FROM `gs_storage`  [ RunTime:0.000215s ]
INFO: [ view_template ] --START--
INFO: Run LocationTemplate Behavior [ RunTime:0.000240s ]
INFO: [ view_template ] --END-- [ RunTime:0.000282s ]
INFO: [ view_parse ] --START--
NOTIC: [8] Undefined index: 1 /Users/gemerz/foa/data/runtime/Cache/3cb34fb0400943b673f06eb7290cd7bd.php 第 279 行.
NOTIC: [8] Undefined index: 1 /Users/gemerz/foa/data/runtime/Cache/3cb34fb0400943b673f06eb7290cd7bd.php 第 279 行.
NOTIC: [8] Undefined index: 1 /Users/gemerz/foa/data/runtime/Cache/3cb34fb0400943b673f06eb7290cd7bd.php 第 279 行.
INFO: Run ParseTemplate Behavior [ RunTime:0.013367s ]
INFO: [ view_parse ] --END-- [ RunTime:0.013421s ]
INFO: [ view_filter ] --START--
INFO: Run ContentReplace Behavior [ RunTime:0.000282s ]
INFO: Run TokenBuild Behavior [ RunTime:0.000189s ]
INFO: Run WriteHtmlCache Behavior [ RunTime:0.000108s ]
INFO: Run ShowRuntime Behavior [ RunTime:0.000233s ]
INFO: [ view_filter ] --END-- [ RunTime:0.000918s ]
INFO: [ view_end ] --START--
INFO: Run ShowPageTrace Behavior [ RunTime:0.000292s ]
INFO: [ view_end ] --END-- [ RunTime:0.000332s ]

[ 2013-07-03T10:57:20+08:00 ] 127.0.0.1 /index.php/goods
INFO: [ route_check ] --START--
INFO: Run CheckRoute Behavior [ RunTime:0.000591s ]
INFO: [ route_check ] --END-- [ RunTime:0.000701s ]
INFO: [ app_begin ] --START--
INFO: Run ReadHtmlCache Behavior [ RunTime:0.000328s ]
NOTIC: [8] Use of undefined constant GROUP_NAME - assumed 'GROUP_NAME' /Users/gemerz/foa/app/Lib/Behavior/load_langBehavior.class.php 第 26 行.
INFO: Run load_lang Behavior [ RunTime:0.000460s ]
INFO: [ app_begin ] --END-- [ RunTime:0.000865s ]
SQL: SHOW COLUMNS FROM `gs_role` [ RunTime:0.001386s ]
SQL: SELECT * FROM `gs_role`  [ RunTime:0.000163s ]
SQL: SHOW COLUMNS FROM `gs_goods` [ RunTime:0.003507s ]
SQL: SHOW COLUMNS FROM `gs_goods_cate` [ RunTime:0.001973s ]
SQL: SELECT COUNT(id) AS tp_count FROM `gs_goods` LIMIT 1   [ RunTime:0.000193s ]
SQL: SELECT * FROM `gs_goods` ORDER BY add_time DESC  LIMIT 0,20   [ RunTime:0.000381s ]
SQL: SELECT `id`,`name` FROM `gs_goods_cate`  [ RunTime:0.000174s ]
SQL: SHOW COLUMNS FROM `gs_storage` [ RunTime:0.003276s ]
SQL: SELECT `id`,`name` FROM `gs_storage`  [ RunTime:0.000173s ]
INFO: [ view_template ] --START--
INFO: Run LocationTemplate Behavior [ RunTime:0.000266s ]
INFO: [ view_template ] --END-- [ RunTime:0.000311s ]
INFO: [ view_parse ] --START--
NOTIC: [8] Undefined index: 1 /Users/gemerz/foa/data/runtime/Cache/3cb34fb0400943b673f06eb7290cd7bd.php 第 279 行.
NOTIC: [8] Undefined index: 1 /Users/gemerz/foa/data/runtime/Cache/3cb34fb0400943b673f06eb7290cd7bd.php 第 279 行.
NOTIC: [8] Undefined index: 1 /Users/gemerz/foa/data/runtime/Cache/3cb34fb0400943b673f06eb7290cd7bd.php 第 279 行.
INFO: Run ParseTemplate Behavior [ RunTime:0.013292s ]
INFO: [ view_parse ] --END-- [ RunTime:0.013352s ]
INFO: [ view_filter ] --START--
INFO: Run ContentReplace Behavior [ RunTime:0.000297s ]
INFO: Run TokenBuild Behavior [ RunTime:0.000212s ]
INFO: Run WriteHtmlCache Behavior [ RunTime:0.000114s ]
INFO: Run ShowRuntime Behavior [ RunTime:0.000270s ]
INFO: [ view_filter ] --END-- [ RunTime:0.001001s ]
INFO: [ view_end ] --START--
INFO: Run ShowPageTrace Behavior [ RunTime:0.000294s ]
INFO: [ view_end ] --END-- [ RunTime:0.000339s ]

[ 2013-07-03T10:59:48+08:00 ] 127.0.0.1 /index.php/goods
INFO: [ route_check ] --START--
INFO: Run CheckRoute Behavior [ RunTime:0.000762s ]
INFO: [ route_check ] --END-- [ RunTime:0.000885s ]
INFO: [ app_begin ] --START--
INFO: Run ReadHtmlCache Behavior [ RunTime:0.000366s ]
NOTIC: [8] Use of undefined constant GROUP_NAME - assumed 'GROUP_NAME' /Users/gemerz/foa/app/Lib/Behavior/load_langBehavior.class.php 第 26 行.
INFO: Run load_lang Behavior [ RunTime:0.000649s ]
INFO: [ app_begin ] --END-- [ RunTime:0.001107s ]
SQL: SHOW COLUMNS FROM `gs_role` [ RunTime:0.001402s ]
SQL: SELECT * FROM `gs_role`  [ RunTime:0.000211s ]
SQL: SHOW COLUMNS FROM `gs_goods` [ RunTime:0.007434s ]
SQL: SHOW COLUMNS FROM `gs_goods_cate` [ RunTime:0.001597s ]
SQL: SELECT COUNT(id) AS tp_count FROM `gs_goods` LIMIT 1   [ RunTime:0.000164s ]
SQL: SELECT * FROM `gs_goods` ORDER BY add_time DESC  LIMIT 0,20   [ RunTime:0.000337s ]
SQL: SELECT `id`,`name` FROM `gs_goods_cate`  [ RunTime:0.000140s ]
SQL: SHOW COLUMNS FROM `gs_storage` [ RunTime:0.003944s ]
SQL: SELECT `id`,`name` FROM `gs_storage`  [ RunTime:0.000368s ]
INFO: [ view_template ] --START--
INFO: Run LocationTemplate Behavior [ RunTime:0.000360s ]
INFO: [ view_template ] --END-- [ RunTime:0.000415s ]
INFO: [ view_parse ] --START--
NOTIC: [8] Undefined index: 1 /Users/gemerz/foa/data/runtime/Cache/3cb34fb0400943b673f06eb7290cd7bd.php 第 279 行.
NOTIC: [8] Undefined index: 1 /Users/gemerz/foa/data/runtime/Cache/3cb34fb0400943b673f06eb7290cd7bd.php 第 279 行.
NOTIC: [8] Undefined index: 1 /Users/gemerz/foa/data/runtime/Cache/3cb34fb0400943b673f06eb7290cd7bd.php 第 279 行.
INFO: Run ParseTemplate Behavior [ RunTime:0.013178s ]
INFO: [ view_parse ] --END-- [ RunTime:0.013249s ]
INFO: [ view_filter ] --START--
INFO: Run ContentReplace Behavior [ RunTime:0.000334s ]
INFO: Run TokenBuild Behavior [ RunTime:0.000219s ]
INFO: Run WriteHtmlCache Behavior [ RunTime:0.000113s ]
INFO: Run ShowRuntime Behavior [ RunTime:0.000268s ]
INFO: [ view_filter ] --END-- [ RunTime:0.001040s ]
INFO: [ view_end ] --START--
INFO: Run ShowPageTrace Behavior [ RunTime:0.000308s ]
INFO: [ view_end ] --END-- [ RunTime:0.000347s ]

[ 2013-07-03T11:02:26+08:00 ] 127.0.0.1 /index.php/goods
INFO: [ route_check ] --START--
INFO: Run CheckRoute Behavior [ RunTime:0.001092s ]
INFO: [ route_check ] --END-- [ RunTime:0.001209s ]
INFO: [ app_begin ] --START--
INFO: Run ReadHtmlCache Behavior [ RunTime:0.000397s ]
NOTIC: [8] Use of undefined constant GROUP_NAME - assumed 'GROUP_NAME' /Users/gemerz/foa/app/Lib/Behavior/load_langBehavior.class.php 第 26 行.
INFO: Run load_lang Behavior [ RunTime:0.000514s ]
INFO: [ app_begin ] --END-- [ RunTime:0.000985s ]
SQL: SHOW COLUMNS FROM `gs_role` [ RunTime:0.001430s ]
SQL: SELECT * FROM `gs_role`  [ RunTime:0.000295s ]
SQL: SHOW COLUMNS FROM `gs_goods` [ RunTime:0.002274s ]
SQL: SHOW COLUMNS FROM `gs_goods_cate` [ RunTime:0.006170s ]
SQL: SELECT COUNT(id) AS tp_count FROM `gs_goods` LIMIT 1   [ RunTime:0.000164s ]
SQL: SELECT * FROM `gs_goods` ORDER BY add_time DESC  LIMIT 0,20   [ RunTime:0.000372s ]
SQL: SELECT `id`,`name` FROM `gs_goods_cate`  [ RunTime:0.000142s ]
SQL: SHOW COLUMNS FROM `gs_storage` [ RunTime:0.001447s ]
SQL: SELECT `id`,`name` FROM `gs_storage`  [ RunTime:0.000164s ]
INFO: [ view_template ] --START--
INFO: Run LocationTemplate Behavior [ RunTime:0.000248s ]
INFO: [ view_template ] --END-- [ RunTime:0.000292s ]
INFO: [ view_parse ] --START--
NOTIC: [8] Undefined index: 1 /Users/gemerz/foa/data/runtime/Cache/3cb34fb0400943b673f06eb7290cd7bd.php 第 279 行.
NOTIC: [8] Undefined index: 1 /Users/gemerz/foa/data/runtime/Cache/3cb34fb0400943b673f06eb7290cd7bd.php 第 279 行.
NOTIC: [8] Undefined index: 1 /Users/gemerz/foa/data/runtime/Cache/3cb34fb0400943b673f06eb7290cd7bd.php 第 279 行.
INFO: Run ParseTemplate Behavior [ RunTime:0.011592s ]
INFO: [ view_parse ] --END-- [ RunTime:0.011649s ]
INFO: [ view_filter ] --START--
INFO: Run ContentReplace Behavior [ RunTime:0.000291s ]
INFO: Run TokenBuild Behavior [ RunTime:0.000191s ]
INFO: Run WriteHtmlCache Behavior [ RunTime:0.000108s ]
INFO: Run ShowRuntime Behavior [ RunTime:0.000239s ]
INFO: [ view_filter ] --END-- [ RunTime:0.000933s ]
INFO: [ view_end ] --START--
INFO: Run ShowPageTrace Behavior [ RunTime:0.000304s ]
INFO: [ view_end ] --END-- [ RunTime:0.000348s ]

[ 2013-07-03T11:03:10+08:00 ] 127.0.0.1 /index.php/goods
INFO: [ route_check ] --START--
INFO: Run CheckRoute Behavior [ RunTime:0.000482s ]
INFO: [ route_check ] --END-- [ RunTime:0.000564s ]
INFO: [ app_begin ] --START--
INFO: Run ReadHtmlCache Behavior [ RunTime:0.000305s ]
NOTIC: [8] Use of undefined constant GROUP_NAME - assumed 'GROUP_NAME' /Users/gemerz/foa/app/Lib/Behavior/load_langBehavior.class.php 第 26 行.
INFO: Run load_lang Behavior [ RunTime:0.000469s ]
INFO: [ app_begin ] --END-- [ RunTime:0.000838s ]
SQL: SHOW COLUMNS FROM `gs_role` [ RunTime:0.001403s ]
SQL: SELECT * FROM `gs_role`  [ RunTime:0.000181s ]
SQL: SHOW COLUMNS FROM `gs_goods` [ RunTime:0.002682s ]
SQL: SHOW COLUMNS FROM `gs_goods_cate` [ RunTime:0.002060s ]
SQL: SELECT COUNT(id) AS tp_count FROM `gs_goods` LIMIT 1   [ RunTime:0.000197s ]
SQL: SELECT * FROM `gs_goods` ORDER BY add_time DESC  LIMIT 0,20   [ RunTime:0.000327s ]
SQL: SELECT `id`,`name` FROM `gs_goods_cate`  [ RunTime:0.000222s ]
SQL: SHOW COLUMNS FROM `gs_storage` [ RunTime:0.001573s ]
SQL: SELECT `id`,`name` FROM `gs_storage`  [ RunTime:0.000176s ]
INFO: [ view_template ] --START--
INFO: Run LocationTemplate Behavior [ RunTime:0.000228s ]
INFO: [ view_template ] --END-- [ RunTime:0.000269s ]
INFO: [ view_parse ] --START--
NOTIC: [8] Undefined index: 1 /Users/gemerz/foa/data/runtime/Cache/3cb34fb0400943b673f06eb7290cd7bd.php 第 279 行.
NOTIC: [8] Undefined index: 1 /Users/gemerz/foa/data/runtime/Cache/3cb34fb0400943b673f06eb7290cd7bd.php 第 279 行.
NOTIC: [8] Undefined index: 1 /Users/gemerz/foa/data/runtime/Cache/3cb34fb0400943b673f06eb7290cd7bd.php 第 279 行.
INFO: Run ParseTemplate Behavior [ RunTime:0.012588s ]
INFO: [ view_parse ] --END-- [ RunTime:0.012643s ]
INFO: [ view_filter ] --START--
INFO: Run ContentReplace Behavior [ RunTime:0.000291s ]
INFO: Run TokenBuild Behavior [ RunTime:0.000197s ]
INFO: Run WriteHtmlCache Behavior [ RunTime:0.000327s ]
INFO: Run ShowRuntime Behavior [ RunTime:0.000270s ]
INFO: [ view_filter ] --END-- [ RunTime:0.001777s ]
INFO: [ view_end ] --START--
INFO: Run ShowPageTrace Behavior [ RunTime:0.000318s ]
INFO: [ view_end ] --END-- [ RunTime:0.000358s ]

[ 2013-07-03T11:04:13+08:00 ] 127.0.0.1 /index.php/goods
INFO: [ route_check ] --START--
INFO: Run CheckRoute Behavior [ RunTime:0.000562s ]
INFO: [ route_check ] --END-- [ RunTime:0.000672s ]
INFO: [ app_begin ] --START--
INFO: Run ReadHtmlCache Behavior [ RunTime:0.000335s ]
NOTIC: [8] Use of undefined constant GROUP_NAME - assumed 'GROUP_NAME' /Users/gemerz/foa/app/Lib/Behavior/load_langBehavior.class.php 第 26 行.
INFO: Run load_lang Behavior [ RunTime:0.000542s ]
INFO: [ app_begin ] --END-- [ RunTime:0.000965s ]
SQL: SHOW COLUMNS FROM `gs_role` [ RunTime:0.001491s ]
SQL: SELECT * FROM `gs_role`  [ RunTime:0.000171s ]
SQL: SHOW COLUMNS FROM `gs_goods` [ RunTime:0.002193s ]
SQL: SHOW COLUMNS FROM `gs_goods_cate` [ RunTime:0.001640s ]
SQL: SELECT COUNT(id) AS tp_count FROM `gs_goods` LIMIT 1   [ RunTime:0.000193s ]
SQL: SELECT * FROM `gs_goods` ORDER BY add_time DESC  LIMIT 0,20   [ RunTime:0.001326s ]
SQL: SELECT `id`,`name` FROM `gs_goods_cate`  [ RunTime:0.000151s ]
SQL: SHOW COLUMNS FROM `gs_storage` [ RunTime:0.003478s ]
SQL: SELECT `id`,`name` FROM `gs_storage`  [ RunTime:0.000171s ]
INFO: [ view_template ] --START--
INFO: Run LocationTemplate Behavior [ RunTime:0.000247s ]
INFO: [ view_template ] --END-- [ RunTime:0.000293s ]
INFO: [ view_parse ] --START--
NOTIC: [8] Undefined index: 1 /Users/gemerz/foa/data/runtime/Cache/3cb34fb0400943b673f06eb7290cd7bd.php 第 279 行.
NOTIC: [8] Undefined index: 1 /Users/gemerz/foa/data/runtime/Cache/3cb34fb0400943b673f06eb7290cd7bd.php 第 279 行.
NOTIC: [8] Undefined index: 1 /Users/gemerz/foa/data/runtime/Cache/3cb34fb0400943b673f06eb7290cd7bd.php 第 279 行.
INFO: Run ParseTemplate Behavior [ RunTime:0.013251s ]
INFO: [ view_parse ] --END-- [ RunTime:0.013320s ]
INFO: [ view_filter ] --START--
INFO: Run ContentReplace Behavior [ RunTime:0.000357s ]
INFO: Run TokenBuild Behavior [ RunTime:0.000205s ]
INFO: Run WriteHtmlCache Behavior [ RunTime:0.000108s ]
INFO: Run ShowRuntime Behavior [ RunTime:0.000243s ]
INFO: [ view_filter ] --END-- [ RunTime:0.001024s ]
INFO: [ view_end ] --START--
INFO: Run ShowPageTrace Behavior [ RunTime:0.000335s ]
INFO: [ view_end ] --END-- [ RunTime:0.000380s ]

[ 2013-07-03T11:04:28+08:00 ] 127.0.0.1 /index.php/goods
INFO: [ route_check ] --START--
INFO: Run CheckRoute Behavior [ RunTime:0.000497s ]
INFO: [ route_check ] --END-- [ RunTime:0.000566s ]
INFO: [ app_begin ] --START--
INFO: Run ReadHtmlCache Behavior [ RunTime:0.000287s ]
NOTIC: [8] Use of undefined constant GROUP_NAME - assumed 'GROUP_NAME' /Users/gemerz/foa/app/Lib/Behavior/load_langBehavior.class.php 第 26 行.
INFO: Run load_lang Behavior [ RunTime:0.000378s ]
INFO: [ app_begin ] --END-- [ RunTime:0.000725s ]
SQL: SHOW COLUMNS FROM `gs_role` [ RunTime:0.001471s ]
SQL: SELECT * FROM `gs_role`  [ RunTime:0.000235s ]
SQL: SHOW COLUMNS FROM `gs_goods` [ RunTime:0.002437s ]
SQL: SHOW COLUMNS FROM `gs_goods_cate` [ RunTime:0.001711s ]
SQL: SELECT COUNT(id) AS tp_count FROM `gs_goods` LIMIT 1   [ RunTime:0.000179s ]
SQL: SELECT * FROM `gs_goods` ORDER BY add_time DESC  LIMIT 0,20   [ RunTime:0.001333s ]
SQL: SELECT `id`,`name` FROM `gs_goods_cate`  [ RunTime:0.000371s ]
SQL: SHOW COLUMNS FROM `gs_storage` [ RunTime:0.012937s ]
SQL: SELECT `id`,`name` FROM `gs_storage`  [ RunTime:0.000178s ]
INFO: [ view_template ] --START--
INFO: Run LocationTemplate Behavior [ RunTime:0.000225s ]
INFO: [ view_template ] --END-- [ RunTime:0.000265s ]
INFO: [ view_parse ] --START--
NOTIC: [8] Undefined index: 1 /Users/gemerz/foa/data/runtime/Cache/3cb34fb0400943b673f06eb7290cd7bd.php 第 279 行.
NOTIC: [8] Undefined index: 1 /Users/gemerz/foa/data/runtime/Cache/3cb34fb0400943b673f06eb7290cd7bd.php 第 279 行.
NOTIC: [8] Undefined index: 1 /Users/gemerz/foa/data/runtime/Cache/3cb34fb0400943b673f06eb7290cd7bd.php 第 279 行.
INFO: Run ParseTemplate Behavior [ RunTime:0.012128s ]
INFO: [ view_parse ] --END-- [ RunTime:0.012185s ]
INFO: [ view_filter ] --START--
INFO: Run ContentReplace Behavior [ RunTime:0.000315s ]
INFO: Run TokenBuild Behavior [ RunTime:0.000186s ]
INFO: Run WriteHtmlCache Behavior [ RunTime:0.000104s ]
INFO: Run ShowRuntime Behavior [ RunTime:0.000236s ]
INFO: [ view_filter ] --END-- [ RunTime:0.000954s ]
INFO: [ view_end ] --START--
INFO: Run ShowPageTrace Behavior [ RunTime:0.000342s ]
INFO: [ view_end ] --END-- [ RunTime:0.000386s ]

[ 2013-07-03T11:04:42+08:00 ] 127.0.0.1 /index.php/
INFO: [ route_check ] --START--
INFO: Run CheckRoute Behavior [ RunTime:0.000490s ]
INFO: [ route_check ] --END-- [ RunTime:0.000553s ]
INFO: [ app_begin ] --START--
INFO: Run ReadHtmlCache Behavior [ RunTime:0.000306s ]
NOTIC: [8] Use of undefined constant GROUP_NAME - assumed 'GROUP_NAME' /Users/gemerz/foa/app/Lib/Behavior/load_langBehavior.class.php 第 26 行.
INFO: Run load_lang Behavior [ RunTime:0.000503s ]
INFO: [ app_begin ] --END-- [ RunTime:0.000880s ]
SQL: SHOW COLUMNS FROM `gs_role` [ RunTime:0.001493s ]
SQL: SELECT * FROM `gs_role`  [ RunTime:0.000164s ]
INFO: [ view_template ] --START--
INFO: Run LocationTemplate Behavior [ RunTime:0.000217s ]
INFO: [ view_template ] --END-- [ RunTime:0.000260s ]
INFO: [ view_parse ] --START--
INFO: Run ParseTemplate Behavior [ RunTime:0.007583s ]
INFO: [ view_parse ] --END-- [ RunTime:0.007639s ]
INFO: [ view_filter ] --START--
INFO: Run ContentReplace Behavior [ RunTime:0.000229s ]
INFO: Run TokenBuild Behavior [ RunTime:0.000180s ]
INFO: Run WriteHtmlCache Behavior [ RunTime:0.000121s ]
INFO: Run ShowRuntime Behavior [ RunTime:0.000455s ]
INFO: [ view_filter ] --END-- [ RunTime:0.001178s ]
INFO: [ view_end ] --START--
INFO: Run ShowPageTrace Behavior [ RunTime:0.000353s ]
INFO: [ view_end ] --END-- [ RunTime:0.000391s ]

[ 2013-07-03T11:04:46+08:00 ] 127.0.0.1 /index.php/goods
INFO: [ route_check ] --START--
INFO: Run CheckRoute Behavior [ RunTime:0.000450s ]
INFO: [ route_check ] --END-- [ RunTime:0.000513s ]
INFO: [ app_begin ] --START--
INFO: Run ReadHtmlCache Behavior [ RunTime:0.000265s ]
NOTIC: [8] Use of undefined constant GROUP_NAME - assumed 'GROUP_NAME' /Users/gemerz/foa/app/Lib/Behavior/load_langBehavior.class.php 第 26 行.
INFO: Run load_lang Behavior [ RunTime:0.000382s ]
INFO: [ app_begin ] --END-- [ RunTime:0.000707s ]
SQL: SHOW COLUMNS FROM `gs_role` [ RunTime:0.001341s ]
SQL: SELECT * FROM `gs_role`  [ RunTime:0.000278s ]
SQL: SHOW COLUMNS FROM `gs_goods` [ RunTime:0.013781s ]
SQL: SHOW COLUMNS FROM `gs_goods_cate` [ RunTime:0.001626s ]
SQL: SELECT COUNT(id) AS tp_count FROM `gs_goods` LIMIT 1   [ RunTime:0.000271s ]
SQL: SELECT * FROM `gs_goods` ORDER BY add_time DESC  LIMIT 0,20   [ RunTime:0.000350s ]
SQL: SELECT `id`,`name` FROM `gs_goods_cate`  [ RunTime:0.000188s ]
SQL: SHOW COLUMNS FROM `gs_storage` [ RunTime:0.005053s ]
SQL: SELECT `id`,`name` FROM `gs_storage`  [ RunTime:0.000182s ]
INFO: [ view_template ] --START--
INFO: Run LocationTemplate Behavior [ RunTime:0.000239s ]
INFO: [ view_template ] --END-- [ RunTime:0.000281s ]
INFO: [ view_parse ] --START--
NOTIC: [8] Undefined index: 1 /Users/gemerz/foa/data/runtime/Cache/3cb34fb0400943b673f06eb7290cd7bd.php 第 279 行.
NOTIC: [8] Undefined index: 1 /Users/gemerz/foa/data/runtime/Cache/3cb34fb0400943b673f06eb7290cd7bd.php 第 279 行.
NOTIC: [8] Undefined index: 1 /Users/gemerz/foa/data/runtime/Cache/3cb34fb0400943b673f06eb7290cd7bd.php 第 279 行.
INFO: Run ParseTemplate Behavior [ RunTime:0.013335s ]
INFO: [ view_parse ] --END-- [ RunTime:0.013389s ]
INFO: [ view_filter ] --START--
INFO: Run ContentReplace Behavior [ RunTime:0.000281s ]
INFO: Run TokenBuild Behavior [ RunTime:0.000187s ]
INFO: Run WriteHtmlCache Behavior [ RunTime:0.000104s ]
INFO: Run ShowRuntime Behavior [ RunTime:0.000224s ]
INFO: [ view_filter ] --END-- [ RunTime:0.000906s ]
INFO: [ view_end ] --START--
INFO: Run ShowPageTrace Behavior [ RunTime:0.000295s ]
INFO: [ view_end ] --END-- [ RunTime:0.000333s ]

[ 2013-07-03T11:04:48+08:00 ] 127.0.0.1 /index.php?m=index&a=login
INFO: [ app_begin ] --START--
INFO: Run ReadHtmlCache Behavior [ RunTime:0.000288s ]
NOTIC: [8] Use of undefined constant GROUP_NAME - assumed 'GROUP_NAME' /Users/gemerz/foa/app/Lib/Behavior/load_langBehavior.class.php 第 26 行.
INFO: Run load_lang Behavior [ RunTime:0.000395s ]
INFO: [ app_begin ] --END-- [ RunTime:0.000770s ]
SQL: SHOW COLUMNS FROM `gs_role` [ RunTime:0.002213s ]
SQL: SELECT * FROM `gs_role`  [ RunTime:0.000214s ]
INFO: [ view_template ] --START--
INFO: Run LocationTemplate Behavior [ RunTime:0.000223s ]
INFO: [ view_template ] --END-- [ RunTime:0.000265s ]
INFO: [ view_parse ] --START--
INFO: Run ParseTemplate Behavior [ RunTime:0.004960s ]
INFO: [ view_parse ] --END-- [ RunTime:0.005017s ]
INFO: [ view_filter ] --START--
INFO: Run ContentReplace Behavior [ RunTime:0.000209s ]
INFO: Run TokenBuild Behavior [ RunTime:0.000176s ]
INFO: Run WriteHtmlCache Behavior [ RunTime:0.000101s ]
INFO: Run ShowRuntime Behavior [ RunTime:0.000365s ]
INFO: [ view_filter ] --END-- [ RunTime:0.000960s ]
INFO: [ view_end ] --START--
INFO: Run ShowPageTrace Behavior [ RunTime:0.000308s ]
INFO: [ view_end ] --END-- [ RunTime:0.000346s ]

[ 2013-07-03T11:04:48+08:00 ] 127.0.0.1 /index.php?m=index&a=verify_code&t=1372820688
INFO: [ app_begin ] --START--
INFO: Run ReadHtmlCache Behavior [ RunTime:0.000318s ]
NOTIC: [8] Use of undefined constant GROUP_NAME - assumed 'GROUP_NAME' /Users/gemerz/foa/app/Lib/Behavior/load_langBehavior.class.php 第 26 行.
INFO: Run load_lang Behavior [ RunTime:0.000405s ]
INFO: [ app_begin ] --END-- [ RunTime:0.000815s ]
SQL: SHOW COLUMNS FROM `gs_role` [ RunTime:0.001241s ]
SQL: SELECT * FROM `gs_role`  [ RunTime:0.000640s ]

[ 2013-07-03T11:29:18+08:00 ] 127.0.0.1 /index/index
INFO: [ route_check ] --START--
INFO: Run CheckRoute Behavior [ RunTime:0.000479s ]
INFO: [ route_check ] --END-- [ RunTime:0.000539s ]
INFO: [ app_begin ] --START--
INFO: Run ReadHtmlCache Behavior [ RunTime:0.000289s ]
NOTIC: [8] Use of undefined constant GROUP_NAME - assumed 'GROUP_NAME' /Users/gemerz/foa/app/Lib/Behavior/load_langBehavior.class.php 第 26 行.
INFO: Run load_lang Behavior [ RunTime:0.000385s ]
INFO: [ app_begin ] --END-- [ RunTime:0.000736s ]
SQL: SHOW COLUMNS FROM `gs_role` [ RunTime:0.001461s ]
SQL: SELECT * FROM `gs_role`  [ RunTime:0.000275s ]
INFO: [ view_template ] --START--
INFO: Run LocationTemplate Behavior [ RunTime:0.000406s ]
INFO: [ view_template ] --END-- [ RunTime:0.000460s ]
INFO: [ view_parse ] --START--
INFO: Run ParseTemplate Behavior [ RunTime:0.010513s ]
INFO: [ view_parse ] --END-- [ RunTime:0.010638s ]
INFO: [ view_filter ] --START--
INFO: Run ContentReplace Behavior [ RunTime:0.000261s ]
INFO: Run TokenBuild Behavior [ RunTime:0.000188s ]
INFO: Run WriteHtmlCache Behavior [ RunTime:0.000118s ]
INFO: Run ShowRuntime Behavior [ RunTime:0.000280s ]
INFO: [ view_filter ] --END-- [ RunTime:0.000959s ]
INFO: [ view_end ] --START--
INFO: Run ShowPageTrace Behavior [ RunTime:0.000367s ]
INFO: [ view_end ] --END-- [ RunTime:0.000435s ]

[ 2013-07-03T11:29:22+08:00 ] 127.0.0.1 /index.php/storage
INFO: [ route_check ] --START--
INFO: Run CheckRoute Behavior [ RunTime:0.000528s ]
INFO: [ route_check ] --END-- [ RunTime:0.000604s ]
INFO: [ app_begin ] --START--
INFO: Run ReadHtmlCache Behavior [ RunTime:0.000336s ]
NOTIC: [8] Use of undefined constant GROUP_NAME - assumed 'GROUP_NAME' /Users/gemerz/foa/app/Lib/Behavior/load_langBehavior.class.php 第 26 行.
INFO: Run load_lang Behavior [ RunTime:0.000407s ]
INFO: [ app_begin ] --END-- [ RunTime:0.000835s ]
SQL: SHOW COLUMNS FROM `gs_role` [ RunTime:0.002214s ]
SQL: SELECT * FROM `gs_role`  [ RunTime:0.000204s ]
SQL: SHOW COLUMNS FROM `gs_storage` [ RunTime:0.019516s ]
SQL: SELECT * FROM `gs_storage`  [ RunTime:0.000298s ]
NOTIC: [8] Undefined variable: parentid /Users/gemerz/foa/app/Lib/ORG/Tree.class.php 第 121 行.
NOTIC: [8] Undefined variable: parentid /Users/gemerz/foa/app/Lib/ORG/Tree.class.php 第 121 行.
INFO: [ view_template ] --START--
INFO: Run LocationTemplate Behavior [ RunTime:0.000278s ]
INFO: [ view_template ] --END-- [ RunTime:0.000322s ]
INFO: [ view_parse ] --START--
INFO: Run ParseTemplate Behavior [ RunTime:0.017464s ]
INFO: [ view_parse ] --END-- [ RunTime:0.017523s ]
INFO: [ view_filter ] --START--
INFO: Run ContentReplace Behavior [ RunTime:0.000270s ]
INFO: Run TokenBuild Behavior [ RunTime:0.000181s ]
INFO: Run WriteHtmlCache Behavior [ RunTime:0.000100s ]
INFO: Run ShowRuntime Behavior [ RunTime:0.000221s ]
INFO: [ view_filter ] --END-- [ RunTime:0.000879s ]
INFO: [ view_end ] --START--
INFO: Run ShowPageTrace Behavior [ RunTime:0.000297s ]
INFO: [ view_end ] --END-- [ RunTime:0.000335s ]

[ 2013-07-03T11:29:24+08:00 ] 127.0.0.1 /index.php/goods_cate
INFO: [ route_check ] --START--
INFO: Run CheckRoute Behavior [ RunTime:0.000503s ]
INFO: [ route_check ] --END-- [ RunTime:0.000570s ]
INFO: [ app_begin ] --START--
INFO: Run ReadHtmlCache Behavior [ RunTime:0.000343s ]
NOTIC: [8] Use of undefined constant GROUP_NAME - assumed 'GROUP_NAME' /Users/gemerz/foa/app/Lib/Behavior/load_langBehavior.class.php 第 26 行.
INFO: Run load_lang Behavior [ RunTime:0.000420s ]
INFO: [ app_begin ] --END-- [ RunTime:0.000832s ]
SQL: SHOW COLUMNS FROM `gs_role` [ RunTime:0.001545s ]
SQL: SELECT * FROM `gs_role`  [ RunTime:0.000170s ]
SQL: SHOW COLUMNS FROM `gs_goods_cate` [ RunTime:0.015988s ]
SQL: SELECT * FROM `gs_goods_cate`  [ RunTime:0.000225s ]
NOTIC: [8] Undefined variable: parentid /Users/gemerz/foa/app/Lib/ORG/Tree.class.php 第 121 行.
NOTIC: [8] Undefined variable: parentid /Users/gemerz/foa/app/Lib/ORG/Tree.class.php 第 121 行.
NOTIC: [8] Undefined variable: parentid /Users/gemerz/foa/app/Lib/ORG/Tree.class.php 第 121 行.
INFO: [ view_template ] --START--
INFO: Run LocationTemplate Behavior [ RunTime:0.000263s ]
INFO: [ view_template ] --END-- [ RunTime:0.000309s ]
INFO: [ view_parse ] --START--
INFO: Run ParseTemplate Behavior [ RunTime:0.032975s ]
INFO: [ view_parse ] --END-- [ RunTime:0.033036s ]
INFO: [ view_filter ] --START--
INFO: Run ContentReplace Behavior [ RunTime:0.000297s ]
INFO: Run TokenBuild Behavior [ RunTime:0.000192s ]
INFO: Run WriteHtmlCache Behavior [ RunTime:0.000103s ]
INFO: Run ShowRuntime Behavior [ RunTime:0.000223s ]
INFO: [ view_filter ] --END-- [ RunTime:0.000926s ]
INFO: [ view_end ] --START--
INFO: Run ShowPageTrace Behavior [ RunTime:0.000300s ]
INFO: [ view_end ] --END-- [ RunTime:0.000345s ]

[ 2013-07-03T11:29:24+08:00 ] 127.0.0.1 /index.php/storage
INFO: [ route_check ] --START--
INFO: Run CheckRoute Behavior [ RunTime:0.000435s ]
INFO: [ route_check ] --END-- [ RunTime:0.000491s ]
INFO: [ app_begin ] --START--
INFO: Run ReadHtmlCache Behavior [ RunTime:0.000259s ]
NOTIC: [8] Use of undefined constant GROUP_NAME - assumed 'GROUP_NAME' /Users/gemerz/foa/app/Lib/Behavior/load_langBehavior.class.php 第 26 行.
INFO: Run load_lang Behavior [ RunTime:0.000366s ]
INFO: [ app_begin ] --END-- [ RunTime:0.000683s ]
SQL: SHOW COLUMNS FROM `gs_role` [ RunTime:0.001430s ]
SQL: SELECT * FROM `gs_role`  [ RunTime:0.000159s ]
SQL: SHOW COLUMNS FROM `gs_storage` [ RunTime:0.009659s ]
SQL: SELECT * FROM `gs_storage`  [ RunTime:0.000272s ]
NOTIC: [8] Undefined variable: parentid /Users/gemerz/foa/app/Lib/ORG/Tree.class.php 第 121 行.
NOTIC: [8] Undefined variable: parentid /Users/gemerz/foa/app/Lib/ORG/Tree.class.php 第 121 行.
INFO: [ view_template ] --START--
INFO: Run LocationTemplate Behavior [ RunTime:0.000178s ]
INFO: [ view_template ] --END-- [ RunTime:0.000221s ]
INFO: [ view_parse ] --START--
INFO: Run ParseTemplate Behavior [ RunTime:0.007519s ]
INFO: [ view_parse ] --END-- [ RunTime:0.007575s ]
INFO: [ view_filter ] --START--
INFO: Run ContentReplace Behavior [ RunTime:0.000316s ]
INFO: Run TokenBuild Behavior [ RunTime:0.000191s ]
INFO: Run WriteHtmlCache Behavior [ RunTime:0.000129s ]
INFO: Run ShowRuntime Behavior [ RunTime:0.000237s ]
INFO: [ view_filter ] --END-- [ RunTime:0.000984s ]
INFO: [ view_end ] --START--
INFO: Run ShowPageTrace Behavior [ RunTime:0.000344s ]
INFO: [ view_end ] --END-- [ RunTime:0.000382s ]

